----------------- Options ---------------
               batch_size: 2                             	[default: 1]
                    beta1: 0.5                           
          checkpoints_dir: ./checkpoints                 
              content_dim: 9                             	[default: 3]
           continue_train: False                         
                crop_size: 256                           
                 dataroot: /home/wangq0d/dataset/horse2zebra/	[default: None]
             dataset_mode: unaligned                     
                direction: AtoB                          
              display_env: main                          
             display_freq: 100                           	[default: 400]
               display_id: 1                             
            display_ncols: 10                            
             display_port: 8097                          
           display_server: http://glogin.ibex.kaust.edu.sa	[default: http://localhost]
          display_winsize: 256                           
                    epoch: latest                        
              epoch_count: 1                             
                 gan_mode: lsgan                         
                  gpu_ids: 0                             
                init_gain: 0.02                          
                init_type: normal                        
                 input_nc: 3                             
                  isTrain: True                          	[default: None]
                 lambda_A: 10.0                          
                 lambda_B: 10.0                          
          lambda_identity: 0.5                           
                load_iter: 0                             	[default: 0]
                load_size: 286                           
                       lr: 0.0002                        
           lr_decay_iters: 50                            
                lr_policy: linear                        
         max_dataset_size: inf                           
                    model: sda_gan                       
               n_layers_D: 3                             
                     name: horse2zebra_9_gan             	[default: experiment_name]
                      ndf: 64                            
                     netD: basic                         
                     netG: resnet_9blocks                
                      ngf: 64                            
                    niter: 100                           
              niter_decay: 100                           
               no_dropout: True                          
                  no_flip: False                         
                  no_html: False                         
                     norm: instance                      
              num_threads: 4                             
                output_nc: 3                             
                    phase: train                         
                pool_size: 50                            
               preprocess: resize_and_crop               
               print_freq: 100                           
                relu_type: relu                          
                 saveDisk: True                          	[default: False]
             save_by_iter: False                         
          save_epoch_freq: 40                            	[default: 5]
         save_latest_freq: 5000                          
           serial_batches: False                         
                 sf_ratio: 0.0                           	[default: 1]
                   suffix:                               
         update_html_freq: 1000                          
                  verbose: False                         
         visualize_hidden: True                          	[default: False]
----------------- End -------------------
dataset [UnalignedDataset] was created
The number of training images = 1334
initialize network with normal
initialize network with normal
initialize network with normal
initialize network with normal
model [SDAGANModel] was created
---------- Networks initialized -------------
[Network G_A] Total number of parameters : 12.203 M
[Network G_B] Total number of parameters : 12.203 M
[Network D_A] Total number of parameters : 2.765 M
[Network D_B] Total number of parameters : 2.765 M
-----------------------------------------------
create web directory ./checkpoints/horse2zebra_9_gan/web...
